Using pre-set license
Built from '2020.2/staging' branch; Version is '2020.2.3f1 (8ff31bc5bf5b) revision 9433883'; Using compiler version '192528614'; Build Type 'Release'
OS: 'Windows 10 Pro; OS build 18363.1316; Version 1909; 64bit' Language: 'en' Physical Memory: 16332 MB
BatchMode: 1, IsHumanControllingUs: 0, StartBugReporterOnCrash: 0, Is64bit: 1, IsPro: 0

 COMMAND LINE ARGUMENTS:
G:\UnityVersions\2020.2.3f1\Editor\Unity.exe
-adb2
-batchMode
-noUpm
-name
AssetImportWorker0
-projectPath
G:/UnityProjects/Dialogue System
-logFile
Logs/AssetImportWorker0.log
-srvPort
55739
Successfully changed project path to: G:/UnityProjects/Dialogue System
G:/UnityProjects/Dialogue System
Using Asset Import Pipeline V2.
Refreshing native plugins compatible for Editor in 60.31 ms, found 0 plugins.
Preloading 0 native plugins for Editor in 0.00 ms.
Initialize engine version: 2020.2.3f1 (8ff31bc5bf5b)
[Subsystems] Discovering subsystems at path G:/UnityVersions/2020.2.3f1/Editor/Data/Resources/UnitySubsystems
[Subsystems] Discovering subsystems at path G:/UnityProjects/Dialogue System/Assets
GfxDevice: creating device client; threaded=0
Direct3D:
    Version:  Direct3D 11.0 [level 11.1]
    Renderer: AMD Radeon RX 5700 XT (ID=0x731f)
    Vendor:   
    VRAM:     8152 MB
    Driver:   27.20.12029.1000
Initialize mono
Mono path[0] = 'G:/UnityVersions/2020.2.3f1/Editor/Data/Managed'
Mono path[1] = 'G:/UnityVersions/2020.2.3f1/Editor/Data/MonoBleedingEdge/lib/mono/unityjit'
Mono config path = 'G:/UnityVersions/2020.2.3f1/Editor/Data/MonoBleedingEdge/etc'
Using monoOptions --debugger-agent=transport=dt_socket,embedding=1,server=y,suspend=n,address=127.0.0.1:56620
Begin MonoManager ReloadAssembly
Registering precompiled unity dll's ...
Register platform support module: G:/UnityVersions/2020.2.3f1/Editor/Data/PlaybackEngines/WebGLSupport/UnityEditor.WebGL.Extensions.dll
Register platform support module: G:/UnityVersions/2020.2.3f1/Editor/Data/PlaybackEngines/WindowsStandaloneSupport/UnityEditor.WindowsStandalone.Extensions.dll
Registered in 0.001125 seconds.
Native extension for WindowsStandalone target not found
Native extension for WebGL target not found
Refreshing native plugins compatible for Editor in 55.78 ms, found 0 plugins.
Preloading 0 native plugins for Editor in 0.00 ms.
Invoked RoslynAnalysisRunner static constructor.
RoslynAnalysisRunner will not be running.
RoslynAnalysisRunner has terminated.
Mono: successfully reloaded assembly
- Completed reload, in  1.873 seconds
Platform modules already initialized, skipping
Registering precompiled user dll's ...
Registered in 0.001552 seconds.
Begin MonoManager ReloadAssembly
Native extension for WindowsStandalone target not found
Native extension for WebGL target not found
Refreshing native plugins compatible for Editor in 51.13 ms, found 0 plugins.
Preloading 0 native plugins for Editor in 0.00 ms.
Invoked RoslynAnalysisRunner static constructor.
RoslynAnalysisRunner will not be running.
RoslynAnalysisRunner has terminated.
Mono: successfully reloaded assembly
- Completed reload, in  1.217 seconds
Platform modules already initialized, skipping
========================================================================
Worker process is ready to serve import requests
Shader 'Universal Render Pipeline/Particles/Lit': fallback shader 'Universal Render Pipeline/Particles/SimpleLit' not found
Shader 'Universal Render Pipeline/Particles/Lit': fallback shader 'Universal Render Pipeline/Particles/SimpleLit' not found
Launched and connected shader compiler UnityShaderCompiler.exe after 0.07 seconds
Refreshing native plugins compatible for Editor in 0.71 ms, found 0 plugins.
Preloading 0 native plugins for Editor in 0.00 ms.
Unloading 2618 Unused Serialized files (Serialized files now loaded: 0)
System memory in use before: 119.6 MB.
System memory in use after: 117.3 MB.

Unloading 47 unused Assets to reduce memory usage. Loaded Objects now: 3027.
Total: 5.235500 ms (FindLiveObjects: 1.112400 ms CreateObjectMapping: 0.372100 ms MarkObjects: 2.288500 ms  DeleteObjects: 1.460000 ms)

========================================================================
Received Import Request.
  path: Assets/Editor/DialogueSOEditor.cs
  artifactKey: Guid(bc3a3bb84076ef04b82c5d6fcdcc6553) Importer(815301076,1909f56bfc062723c751e8b465ee728b)
Start importing Assets/Editor/DialogueSOEditor.cs using Guid(bc3a3bb84076ef04b82c5d6fcdcc6553) Importer(815301076,1909f56bfc062723c751e8b465ee728b)  -> (artifact id: '7f0b6d0a26ea14b9d66df715692cad13') in 0.054739 seconds
  Import took 0.060634 seconds .

========================================================================
Received Prepare
Registering precompiled user dll's ...
Registered in 0.002699 seconds.
Begin MonoManager ReloadAssembly
Native extension for WindowsStandalone target not found
Native extension for WebGL target not found
Refreshing native plugins compatible for Editor in 0.63 ms, found 0 plugins.
Preloading 0 native plugins for Editor in 0.00 ms.
Invoked RoslynAnalysisRunner static constructor.
RoslynAnalysisRunner will not be running.
RoslynAnalysisRunner has terminated.
Mono: successfully reloaded assembly
- Completed reload, in  0.998 seconds
Platform modules already initialized, skipping
Shader 'Universal Render Pipeline/Particles/Lit': fallback shader 'Universal Render Pipeline/Particles/SimpleLit' not found
Shader 'Universal Render Pipeline/Particles/Lit': fallback shader 'Universal Render Pipeline/Particles/SimpleLit' not found
Refreshing native plugins compatible for Editor in 0.79 ms, found 0 plugins.
Preloading 0 native plugins for Editor in 0.00 ms.
Unloading 2530 Unused Serialized files (Serialized files now loaded: 0)
System memory in use before: 115.4 MB.
System memory in use after: 113.3 MB.

Unloading 42 unused Assets to reduce memory usage. Loaded Objects now: 3029.
Total: 4.268400 ms (FindLiveObjects: 0.348900 ms CreateObjectMapping: 0.305700 ms MarkObjects: 2.257800 ms  DeleteObjects: 1.354900 ms)

========================================================================
Received Prepare
Registering precompiled user dll's ...
Registered in 0.002161 seconds.
Begin MonoManager ReloadAssembly
Native extension for WindowsStandalone target not found
Native extension for WebGL target not found
Refreshing native plugins compatible for Editor in 0.48 ms, found 0 plugins.
Preloading 0 native plugins for Editor in 0.00 ms.
Invoked RoslynAnalysisRunner static constructor.
RoslynAnalysisRunner will not be running.
RoslynAnalysisRunner has terminated.
Mono: successfully reloaded assembly
- Completed reload, in  0.986 seconds
Platform modules already initialized, skipping
Shader 'Universal Render Pipeline/Particles/Lit': fallback shader 'Universal Render Pipeline/Particles/SimpleLit' not found
Shader 'Universal Render Pipeline/Particles/Lit': fallback shader 'Universal Render Pipeline/Particles/SimpleLit' not found
Refreshing native plugins compatible for Editor in 0.51 ms, found 0 plugins.
Preloading 0 native plugins for Editor in 0.00 ms.
Unloading 2530 Unused Serialized files (Serialized files now loaded: 0)
System memory in use before: 115.5 MB.
System memory in use after: 113.3 MB.

Unloading 42 unused Assets to reduce memory usage. Loaded Objects now: 3031.
Total: 4.855700 ms (FindLiveObjects: 0.247300 ms CreateObjectMapping: 0.098200 ms MarkObjects: 3.096200 ms  DeleteObjects: 1.412300 ms)

========================================================================
Received Prepare
Registering precompiled user dll's ...
Registered in 0.001962 seconds.
Begin MonoManager ReloadAssembly
Native extension for WindowsStandalone target not found
Native extension for WebGL target not found
Refreshing native plugins compatible for Editor in 0.55 ms, found 0 plugins.
Preloading 0 native plugins for Editor in 0.00 ms.
Invoked RoslynAnalysisRunner static constructor.
RoslynAnalysisRunner will not be running.
RoslynAnalysisRunner has terminated.
Mono: successfully reloaded assembly
- Completed reload, in  1.004 seconds
Platform modules already initialized, skipping
Shader 'Universal Render Pipeline/Particles/Lit': fallback shader 'Universal Render Pipeline/Particles/SimpleLit' not found
Shader 'Universal Render Pipeline/Particles/Lit': fallback shader 'Universal Render Pipeline/Particles/SimpleLit' not found
Refreshing native plugins compatible for Editor in 0.56 ms, found 0 plugins.
Preloading 0 native plugins for Editor in 0.00 ms.
Unloading 2530 Unused Serialized files (Serialized files now loaded: 0)
System memory in use before: 115.5 MB.
System memory in use after: 113.3 MB.

Unloading 42 unused Assets to reduce memory usage. Loaded Objects now: 3033.
Total: 4.923100 ms (FindLiveObjects: 0.737600 ms CreateObjectMapping: 0.427500 ms MarkObjects: 2.105000 ms  DeleteObjects: 1.651500 ms)

========================================================================
Received Prepare
Registering precompiled user dll's ...
Registered in 0.002017 seconds.
Begin MonoManager ReloadAssembly
Native extension for WindowsStandalone target not found
Native extension for WebGL target not found
Refreshing native plugins compatible for Editor in 0.48 ms, found 0 plugins.
Preloading 0 native plugins for Editor in 0.00 ms.
Invoked RoslynAnalysisRunner static constructor.
RoslynAnalysisRunner will not be running.
RoslynAnalysisRunner has terminated.
Mono: successfully reloaded assembly
- Completed reload, in  1.000 seconds
Platform modules already initialized, skipping
Shader 'Universal Render Pipeline/Particles/Lit': fallback shader 'Universal Render Pipeline/Particles/SimpleLit' not found
Shader 'Universal Render Pipeline/Particles/Lit': fallback shader 'Universal Render Pipeline/Particles/SimpleLit' not found
Refreshing native plugins compatible for Editor in 0.57 ms, found 0 plugins.
Preloading 0 native plugins for Editor in 0.00 ms.
Unloading 2530 Unused Serialized files (Serialized files now loaded: 0)
System memory in use before: 115.5 MB.
System memory in use after: 113.3 MB.

Unloading 42 unused Assets to reduce memory usage. Loaded Objects now: 3035.
Total: 4.580500 ms (FindLiveObjects: 0.501100 ms CreateObjectMapping: 0.425500 ms MarkObjects: 2.254100 ms  DeleteObjects: 1.398600 ms)

========================================================================
Received Import Request.
  Time since last request: 852.912496 seconds.
  path: Assets/00_Dialogue/Conversations/ChoiceExample.asset
  artifactKey: Guid(3a78bad45af43514e9e3b055215e72e8) Importer(815301076,1909f56bfc062723c751e8b465ee728b)
Start importing Assets/00_Dialogue/Conversations/ChoiceExample.asset using Guid(3a78bad45af43514e9e3b055215e72e8) Importer(815301076,1909f56bfc062723c751e8b465ee728b)  -> (artifact id: 'd3532cb814cd230705b4b9c78947beef') in 0.024131 seconds
  Import took 0.029223 seconds .

========================================================================
Received Import Request.
  Time since last request: 0.013142 seconds.
  path: Assets/00_Dialogue/Conversations/ChoiceExample.asset
  artifactKey: Guid(3a78bad45af43514e9e3b055215e72e8) Importer(815301076,1909f56bfc062723c751e8b465ee728b)
Start importing Assets/00_Dialogue/Conversations/ChoiceExample.asset using Guid(3a78bad45af43514e9e3b055215e72e8) Importer(815301076,1909f56bfc062723c751e8b465ee728b)  -> (artifact id: 'd3532cb814cd230705b4b9c78947beef') in 0.003362 seconds
  Import took 0.008276 seconds .

========================================================================
Received Prepare
Registering precompiled user dll's ...
Registered in 0.001572 seconds.
Begin MonoManager ReloadAssembly
Native extension for WindowsStandalone target not found
Native extension for WebGL target not found
Refreshing native plugins compatible for Editor in 0.55 ms, found 0 plugins.
Preloading 0 native plugins for Editor in 0.00 ms.
Invoked RoslynAnalysisRunner static constructor.
RoslynAnalysisRunner will not be running.
RoslynAnalysisRunner has terminated.
Mono: successfully reloaded assembly
- Completed reload, in  0.988 seconds
Platform modules already initialized, skipping
Shader 'Universal Render Pipeline/Particles/Lit': fallback shader 'Universal Render Pipeline/Particles/SimpleLit' not found
Shader 'Universal Render Pipeline/Particles/Lit': fallback shader 'Universal Render Pipeline/Particles/SimpleLit' not found
Refreshing native plugins compatible for Editor in 0.53 ms, found 0 plugins.
Preloading 0 native plugins for Editor in 0.00 ms.
Unloading 2530 Unused Serialized files (Serialized files now loaded: 0)
System memory in use before: 115.5 MB.
System memory in use after: 113.3 MB.

Unloading 42 unused Assets to reduce memory usage. Loaded Objects now: 3037.
Total: 5.554500 ms (FindLiveObjects: 0.580200 ms CreateObjectMapping: 0.422100 ms MarkObjects: 2.789500 ms  DeleteObjects: 1.760800 ms)

========================================================================
Received Prepare
Registering precompiled user dll's ...
Registered in 0.002038 seconds.
Begin MonoManager ReloadAssembly
Native extension for WindowsStandalone target not found
Native extension for WebGL target not found
Refreshing native plugins compatible for Editor in 0.70 ms, found 0 plugins.
Preloading 0 native plugins for Editor in 0.00 ms.
Invoked RoslynAnalysisRunner static constructor.
RoslynAnalysisRunner will not be running.
RoslynAnalysisRunner has terminated.
Mono: successfully reloaded assembly
- Completed reload, in  1.031 seconds
Platform modules already initialized, skipping
Shader 'Universal Render Pipeline/Particles/Lit': fallback shader 'Universal Render Pipeline/Particles/SimpleLit' not found
Shader 'Universal Render Pipeline/Particles/Lit': fallback shader 'Universal Render Pipeline/Particles/SimpleLit' not found
Refreshing native plugins compatible for Editor in 0.45 ms, found 0 plugins.
Preloading 0 native plugins for Editor in 0.00 ms.
Unloading 2530 Unused Serialized files (Serialized files now loaded: 0)
System memory in use before: 115.6 MB.
System memory in use after: 113.4 MB.

Unloading 42 unused Assets to reduce memory usage. Loaded Objects now: 3039.
Total: 4.134600 ms (FindLiveObjects: 0.236900 ms CreateObjectMapping: 0.093100 ms MarkObjects: 1.750500 ms  DeleteObjects: 2.052900 ms)

========================================================================
Received Prepare
Registering precompiled user dll's ...
Registered in 0.002279 seconds.
Begin MonoManager ReloadAssembly
Native extension for WindowsStandalone target not found
Native extension for WebGL target not found
Refreshing native plugins compatible for Editor in 0.72 ms, found 0 plugins.
Preloading 0 native plugins for Editor in 0.00 ms.
Invoked RoslynAnalysisRunner static constructor.
RoslynAnalysisRunner will not be running.
RoslynAnalysisRunner has terminated.
Mono: successfully reloaded assembly
- Completed reload, in  0.991 seconds
Platform modules already initialized, skipping
Shader 'Universal Render Pipeline/Particles/Lit': fallback shader 'Universal Render Pipeline/Particles/SimpleLit' not found
Shader 'Universal Render Pipeline/Particles/Lit': fallback shader 'Universal Render Pipeline/Particles/SimpleLit' not found
Refreshing native plugins compatible for Editor in 0.48 ms, found 0 plugins.
Preloading 0 native plugins for Editor in 0.00 ms.
Unloading 2530 Unused Serialized files (Serialized files now loaded: 0)
System memory in use before: 115.6 MB.
System memory in use after: 113.4 MB.

Unloading 42 unused Assets to reduce memory usage. Loaded Objects now: 3041.
Total: 4.618500 ms (FindLiveObjects: 0.376600 ms CreateObjectMapping: 0.223300 ms MarkObjects: 2.019100 ms  DeleteObjects: 1.998100 ms)

========================================================================
Received Import Request.
  Time since last request: 304.070116 seconds.
  path: Assets/00_Dialogue/Conversations/ChoiceExample.asset
  artifactKey: Guid(3a78bad45af43514e9e3b055215e72e8) Importer(815301076,1909f56bfc062723c751e8b465ee728b)
Start importing Assets/00_Dialogue/Conversations/ChoiceExample.asset using Guid(3a78bad45af43514e9e3b055215e72e8) Importer(815301076,1909f56bfc062723c751e8b465ee728b)  -> (artifact id: 'e678245dbe2fb1c8d51b045ffbf8d5fa') in 0.016948 seconds
  Import took 0.023086 seconds .

========================================================================
Received Prepare
Registering precompiled user dll's ...
Registered in 0.001801 seconds.
Begin MonoManager ReloadAssembly
Native extension for WindowsStandalone target not found
Native extension for WebGL target not found
Refreshing native plugins compatible for Editor in 0.70 ms, found 0 plugins.
Preloading 0 native plugins for Editor in 0.00 ms.
Invoked RoslynAnalysisRunner static constructor.
RoslynAnalysisRunner will not be running.
RoslynAnalysisRunner has terminated.
Mono: successfully reloaded assembly
- Completed reload, in  0.989 seconds
Platform modules already initialized, skipping
Shader 'Universal Render Pipeline/Particles/Lit': fallback shader 'Universal Render Pipeline/Particles/SimpleLit' not found
Shader 'Universal Render Pipeline/Particles/Lit': fallback shader 'Universal Render Pipeline/Particles/SimpleLit' not found
Refreshing native plugins compatible for Editor in 0.53 ms, found 0 plugins.
Preloading 0 native plugins for Editor in 0.00 ms.
Unloading 2530 Unused Serialized files (Serialized files now loaded: 0)
System memory in use before: 115.6 MB.
System memory in use after: 113.4 MB.

Unloading 42 unused Assets to reduce memory usage. Loaded Objects now: 3043.
Total: 4.417100 ms (FindLiveObjects: 0.219700 ms CreateObjectMapping: 0.091200 ms MarkObjects: 2.439900 ms  DeleteObjects: 1.665200 ms)

========================================================================
Received Prepare
Registering precompiled user dll's ...
Registered in 0.001754 seconds.
Begin MonoManager ReloadAssembly
Native extension for WindowsStandalone target not found
Native extension for WebGL target not found
Refreshing native plugins compatible for Editor in 0.47 ms, found 0 plugins.
Preloading 0 native plugins for Editor in 0.00 ms.
Invoked RoslynAnalysisRunner static constructor.
RoslynAnalysisRunner will not be running.
RoslynAnalysisRunner has terminated.
Mono: successfully reloaded assembly
- Completed reload, in  0.994 seconds
Platform modules already initialized, skipping
Shader 'Universal Render Pipeline/Particles/Lit': fallback shader 'Universal Render Pipeline/Particles/SimpleLit' not found
Shader 'Universal Render Pipeline/Particles/Lit': fallback shader 'Universal Render Pipeline/Particles/SimpleLit' not found
Refreshing native plugins compatible for Editor in 0.58 ms, found 0 plugins.
Preloading 0 native plugins for Editor in 0.00 ms.
Unloading 2530 Unused Serialized files (Serialized files now loaded: 0)
System memory in use before: 115.6 MB.
System memory in use after: 113.4 MB.

Unloading 42 unused Assets to reduce memory usage. Loaded Objects now: 3045.
Total: 4.533000 ms (FindLiveObjects: 0.248000 ms CreateObjectMapping: 0.115100 ms MarkObjects: 2.296800 ms  DeleteObjects: 1.871800 ms)

========================================================================
Received Prepare
Registering precompiled user dll's ...
Registered in 0.001805 seconds.
Begin MonoManager ReloadAssembly
Native extension for WindowsStandalone target not found
Native extension for WebGL target not found
Refreshing native plugins compatible for Editor in 0.54 ms, found 0 plugins.
Preloading 0 native plugins for Editor in 0.00 ms.
Invoked RoslynAnalysisRunner static constructor.
RoslynAnalysisRunner will not be running.
RoslynAnalysisRunner has terminated.
Mono: successfully reloaded assembly
- Completed reload, in  0.997 seconds
Platform modules already initialized, skipping
Shader 'Universal Render Pipeline/Particles/Lit': fallback shader 'Universal Render Pipeline/Particles/SimpleLit' not found
Shader 'Universal Render Pipeline/Particles/Lit': fallback shader 'Universal Render Pipeline/Particles/SimpleLit' not found
Refreshing native plugins compatible for Editor in 0.74 ms, found 0 plugins.
Preloading 0 native plugins for Editor in 0.00 ms.
Unloading 2530 Unused Serialized files (Serialized files now loaded: 0)
System memory in use before: 115.5 MB.
System memory in use after: 113.3 MB.

Unloading 42 unused Assets to reduce memory usage. Loaded Objects now: 3047.
Total: 4.315100 ms (FindLiveObjects: 0.403900 ms CreateObjectMapping: 0.208900 ms MarkObjects: 2.003400 ms  DeleteObjects: 1.697500 ms)

========================================================================
Received Prepare
Registering precompiled user dll's ...
Registered in 0.002376 seconds.
Begin MonoManager ReloadAssembly
Native extension for WindowsStandalone target not found
Native extension for WebGL target not found
Refreshing native plugins compatible for Editor in 0.73 ms, found 0 plugins.
Preloading 0 native plugins for Editor in 0.00 ms.
Invoked RoslynAnalysisRunner static constructor.
RoslynAnalysisRunner will not be running.
RoslynAnalysisRunner has terminated.
Mono: successfully reloaded assembly
- Completed reload, in  0.999 seconds
Platform modules already initialized, skipping
Shader 'Universal Render Pipeline/Particles/Lit': fallback shader 'Universal Render Pipeline/Particles/SimpleLit' not found
Shader 'Universal Render Pipeline/Particles/Lit': fallback shader 'Universal Render Pipeline/Particles/SimpleLit' not found
Refreshing native plugins compatible for Editor in 0.46 ms, found 0 plugins.
Preloading 0 native plugins for Editor in 0.00 ms.
Unloading 2530 Unused Serialized files (Serialized files now loaded: 0)
System memory in use before: 115.6 MB.
System memory in use after: 113.3 MB.

Unloading 42 unused Assets to reduce memory usage. Loaded Objects now: 3049.
Total: 5.427300 ms (FindLiveObjects: 0.390900 ms CreateObjectMapping: 0.209600 ms MarkObjects: 2.366100 ms  DeleteObjects: 2.457900 ms)

========================================================================
Received Prepare
Registering precompiled user dll's ...
Registered in 0.001460 seconds.
Begin MonoManager ReloadAssembly
Native extension for WindowsStandalone target not found
Native extension for WebGL target not found
Refreshing native plugins compatible for Editor in 0.66 ms, found 0 plugins.
Preloading 0 native plugins for Editor in 0.00 ms.
Invoked RoslynAnalysisRunner static constructor.
RoslynAnalysisRunner will not be running.
RoslynAnalysisRunner has terminated.
Mono: successfully reloaded assembly
- Completed reload, in  0.993 seconds
Platform modules already initialized, skipping
Shader 'Universal Render Pipeline/Particles/Lit': fallback shader 'Universal Render Pipeline/Particles/SimpleLit' not found
Shader 'Universal Render Pipeline/Particles/Lit': fallback shader 'Universal Render Pipeline/Particles/SimpleLit' not found
Refreshing native plugins compatible for Editor in 0.50 ms, found 0 plugins.
Preloading 0 native plugins for Editor in 0.00 ms.
Unloading 2530 Unused Serialized files (Serialized files now loaded: 0)
System memory in use before: 115.6 MB.
System memory in use after: 113.4 MB.

Unloading 42 unused Assets to reduce memory usage. Loaded Objects now: 3051.
Total: 5.226300 ms (FindLiveObjects: 0.311500 ms CreateObjectMapping: 0.094000 ms MarkObjects: 2.666900 ms  DeleteObjects: 2.152600 ms)

========================================================================
Received Prepare
Registering precompiled user dll's ...
Registered in 0.001594 seconds.
Begin MonoManager ReloadAssembly
Native extension for WindowsStandalone target not found
Native extension for WebGL target not found
Refreshing native plugins compatible for Editor in 0.50 ms, found 0 plugins.
Preloading 0 native plugins for Editor in 0.00 ms.
Invoked RoslynAnalysisRunner static constructor.
RoslynAnalysisRunner will not be running.
RoslynAnalysisRunner has terminated.
Mono: successfully reloaded assembly
- Completed reload, in  0.981 seconds
Platform modules already initialized, skipping
Shader 'Universal Render Pipeline/Particles/Lit': fallback shader 'Universal Render Pipeline/Particles/SimpleLit' not found
Shader 'Universal Render Pipeline/Particles/Lit': fallback shader 'Universal Render Pipeline/Particles/SimpleLit' not found
Refreshing native plugins compatible for Editor in 0.69 ms, found 0 plugins.
Preloading 0 native plugins for Editor in 0.00 ms.
Unloading 2530 Unused Serialized files (Serialized files now loaded: 0)
System memory in use before: 115.6 MB.
System memory in use after: 113.4 MB.

Unloading 42 unused Assets to reduce memory usage. Loaded Objects now: 3053.
Total: 5.464200 ms (FindLiveObjects: 0.254800 ms CreateObjectMapping: 0.104700 ms MarkObjects: 3.119600 ms  DeleteObjects: 1.983700 ms)

========================================================================
Received Prepare
Registering precompiled user dll's ...
Registered in 0.002164 seconds.
Begin MonoManager ReloadAssembly
Native extension for WindowsStandalone target not found
Native extension for WebGL target not found
Refreshing native plugins compatible for Editor in 0.45 ms, found 0 plugins.
Preloading 0 native plugins for Editor in 0.00 ms.
Invoked RoslynAnalysisRunner static constructor.
RoslynAnalysisRunner will not be running.
RoslynAnalysisRunner has terminated.
Mono: successfully reloaded assembly
- Completed reload, in  0.989 seconds
Platform modules already initialized, skipping
Shader 'Universal Render Pipeline/Particles/Lit': fallback shader 'Universal Render Pipeline/Particles/SimpleLit' not found
Shader 'Universal Render Pipeline/Particles/Lit': fallback shader 'Universal Render Pipeline/Particles/SimpleLit' not found
Refreshing native plugins compatible for Editor in 0.46 ms, found 0 plugins.
Preloading 0 native plugins for Editor in 0.00 ms.
Unloading 2530 Unused Serialized files (Serialized files now loaded: 0)
System memory in use before: 115.7 MB.
System memory in use after: 113.4 MB.

Unloading 42 unused Assets to reduce memory usage. Loaded Objects now: 3055.
Total: 4.817600 ms (FindLiveObjects: 0.397100 ms CreateObjectMapping: 0.222300 ms MarkObjects: 2.347800 ms  DeleteObjects: 1.848600 ms)

========================================================================
Received Import Request.
  Time since last request: 994.543221 seconds.
  path: Assets/Editor/LineEditorWindow.cs
  artifactKey: Guid(6963ef1ddfabcf44b85947dea0490296) Importer(815301076,1909f56bfc062723c751e8b465ee728b)
Start importing Assets/Editor/LineEditorWindow.cs using Guid(6963ef1ddfabcf44b85947dea0490296) Importer(815301076,1909f56bfc062723c751e8b465ee728b)  -> (artifact id: 'ecc4ed6d7caae31d80f46d2c0b2a9929') in 0.015962 seconds
  Import took 0.026151 seconds .

========================================================================
Received Import Request.
  Time since last request: 0.004003 seconds.
  path: Assets/Editor/LineEditorWindow.cs
  artifactKey: Guid(6963ef1ddfabcf44b85947dea0490296) Importer(815301076,1909f56bfc062723c751e8b465ee728b)
Start importing Assets/Editor/LineEditorWindow.cs using Guid(6963ef1ddfabcf44b85947dea0490296) Importer(815301076,1909f56bfc062723c751e8b465ee728b)  -> (artifact id: 'ecc4ed6d7caae31d80f46d2c0b2a9929') in 0.003961 seconds
  Import took 0.010445 seconds .

========================================================================
Received Prepare
Registering precompiled user dll's ...
Registered in 0.002178 seconds.
Begin MonoManager ReloadAssembly
Native extension for WindowsStandalone target not found
Native extension for WebGL target not found
Refreshing native plugins compatible for Editor in 0.68 ms, found 0 plugins.
Preloading 0 native plugins for Editor in 0.00 ms.
Invoked RoslynAnalysisRunner static constructor.
RoslynAnalysisRunner will not be running.
RoslynAnalysisRunner has terminated.
Mono: successfully reloaded assembly
- Completed reload, in  1.021 seconds
Platform modules already initialized, skipping
Shader 'Universal Render Pipeline/Particles/Lit': fallback shader 'Universal Render Pipeline/Particles/SimpleLit' not found
Shader 'Universal Render Pipeline/Particles/Lit': fallback shader 'Universal Render Pipeline/Particles/SimpleLit' not found
Refreshing native plugins compatible for Editor in 0.69 ms, found 0 plugins.
Preloading 0 native plugins for Editor in 0.00 ms.
Unloading 2531 Unused Serialized files (Serialized files now loaded: 0)
System memory in use before: 115.7 MB.
System memory in use after: 113.4 MB.

Unloading 42 unused Assets to reduce memory usage. Loaded Objects now: 3058.
Total: 6.269600 ms (FindLiveObjects: 0.426100 ms CreateObjectMapping: 0.244000 ms MarkObjects: 3.154300 ms  DeleteObjects: 2.421900 ms)

========================================================================
Received Import Request.
  Time since last request: 39.389497 seconds.
  path: Assets/Editor/LineEditorWindow.cs
  artifactKey: Guid(6963ef1ddfabcf44b85947dea0490296) Importer(815301076,1909f56bfc062723c751e8b465ee728b)
Start importing Assets/Editor/LineEditorWindow.cs using Guid(6963ef1ddfabcf44b85947dea0490296) Importer(815301076,1909f56bfc062723c751e8b465ee728b)  -> (artifact id: '1ac1f739f337eb97a0c2d48dc79b2bd6') in 0.007449 seconds
  Import took 0.013155 seconds .

========================================================================
Received Prepare
Registering precompiled user dll's ...
Registered in 0.001738 seconds.
Begin MonoManager ReloadAssembly
Native extension for WindowsStandalone target not found
Native extension for WebGL target not found
Refreshing native plugins compatible for Editor in 0.53 ms, found 0 plugins.
Preloading 0 native plugins for Editor in 0.00 ms.
Invoked RoslynAnalysisRunner static constructor.
RoslynAnalysisRunner will not be running.
RoslynAnalysisRunner has terminated.
Mono: successfully reloaded assembly
- Completed reload, in  1.018 seconds
Platform modules already initialized, skipping
Shader 'Universal Render Pipeline/Particles/Lit': fallback shader 'Universal Render Pipeline/Particles/SimpleLit' not found
Shader 'Universal Render Pipeline/Particles/Lit': fallback shader 'Universal Render Pipeline/Particles/SimpleLit' not found
Refreshing native plugins compatible for Editor in 0.63 ms, found 0 plugins.
Preloading 0 native plugins for Editor in 0.00 ms.
Unloading 2531 Unused Serialized files (Serialized files now loaded: 0)
System memory in use before: 115.7 MB.
System memory in use after: 113.4 MB.

Unloading 42 unused Assets to reduce memory usage. Loaded Objects now: 3060.
Total: 4.640900 ms (FindLiveObjects: 0.341300 ms CreateObjectMapping: 0.224500 ms MarkObjects: 2.368900 ms  DeleteObjects: 1.704400 ms)

========================================================================
Received Import Request.
  Time since last request: 70.017075 seconds.
  path: Assets/00_Dialogue/Conversations/ConversationExample1.asset
  artifactKey: Guid(13f9a0a2989a6294b9c2ab1aa15591ef) Importer(815301076,1909f56bfc062723c751e8b465ee728b)
Start importing Assets/00_Dialogue/Conversations/ConversationExample1.asset using Guid(13f9a0a2989a6294b9c2ab1aa15591ef) Importer(815301076,1909f56bfc062723c751e8b465ee728b)  -> (artifact id: '083a38d822eca4743d8d636d17a44828') in 0.022533 seconds
  Import took 0.028320 seconds .

========================================================================
Received Prepare
Registering precompiled user dll's ...
Registered in 0.002141 seconds.
Begin MonoManager ReloadAssembly
Native extension for WindowsStandalone target not found
Native extension for WebGL target not found
Refreshing native plugins compatible for Editor in 0.60 ms, found 0 plugins.
Preloading 0 native plugins for Editor in 0.00 ms.
Invoked RoslynAnalysisRunner static constructor.
RoslynAnalysisRunner will not be running.
RoslynAnalysisRunner has terminated.
Mono: successfully reloaded assembly
- Completed reload, in  1.009 seconds
Platform modules already initialized, skipping
Shader 'Universal Render Pipeline/Particles/Lit': fallback shader 'Universal Render Pipeline/Particles/SimpleLit' not found
Shader 'Universal Render Pipeline/Particles/Lit': fallback shader 'Universal Render Pipeline/Particles/SimpleLit' not found
Refreshing native plugins compatible for Editor in 0.45 ms, found 0 plugins.
Preloading 0 native plugins for Editor in 0.00 ms.
Unloading 2531 Unused Serialized files (Serialized files now loaded: 0)
System memory in use before: 115.7 MB.
System memory in use after: 113.5 MB.

Unloading 42 unused Assets to reduce memory usage. Loaded Objects now: 3062.
Total: 5.286800 ms (FindLiveObjects: 0.813900 ms CreateObjectMapping: 0.350800 ms MarkObjects: 1.939600 ms  DeleteObjects: 2.180300 ms)

========================================================================
Received Prepare
Registering precompiled user dll's ...
Registered in 0.001576 seconds.
Begin MonoManager ReloadAssembly
Native extension for WindowsStandalone target not found
Native extension for WebGL target not found
Refreshing native plugins compatible for Editor in 0.55 ms, found 0 plugins.
Preloading 0 native plugins for Editor in 0.00 ms.
Invoked RoslynAnalysisRunner static constructor.
RoslynAnalysisRunner will not be running.
RoslynAnalysisRunner has terminated.
Mono: successfully reloaded assembly
- Completed reload, in  0.999 seconds
Platform modules already initialized, skipping
Shader 'Universal Render Pipeline/Particles/Lit': fallback shader 'Universal Render Pipeline/Particles/SimpleLit' not found
Shader 'Universal Render Pipeline/Particles/Lit': fallback shader 'Universal Render Pipeline/Particles/SimpleLit' not found
Refreshing native plugins compatible for Editor in 0.71 ms, found 0 plugins.
Preloading 0 native plugins for Editor in 0.00 ms.
Unloading 2531 Unused Serialized files (Serialized files now loaded: 0)
System memory in use before: 115.7 MB.
System memory in use after: 113.5 MB.

Unloading 42 unused Assets to reduce memory usage. Loaded Objects now: 3064.
Total: 4.109600 ms (FindLiveObjects: 0.241600 ms CreateObjectMapping: 0.090500 ms MarkObjects: 1.869300 ms  DeleteObjects: 1.907200 ms)

========================================================================
Received Prepare
Registering precompiled user dll's ...
Registered in 0.001849 seconds.
Begin MonoManager ReloadAssembly
Native extension for WindowsStandalone target not found
Native extension for WebGL target not found
Refreshing native plugins compatible for Editor in 0.51 ms, found 0 plugins.
Preloading 0 native plugins for Editor in 0.00 ms.
Invoked RoslynAnalysisRunner static constructor.
RoslynAnalysisRunner will not be running.
RoslynAnalysisRunner has terminated.
Mono: successfully reloaded assembly
- Completed reload, in  1.042 seconds
Platform modules already initialized, skipping
Shader 'Universal Render Pipeline/Particles/Lit': fallback shader 'Universal Render Pipeline/Particles/SimpleLit' not found
Shader 'Universal Render Pipeline/Particles/Lit': fallback shader 'Universal Render Pipeline/Particles/SimpleLit' not found
Refreshing native plugins compatible for Editor in 0.55 ms, found 0 plugins.
Preloading 0 native plugins for Editor in 0.00 ms.
Unloading 2531 Unused Serialized files (Serialized files now loaded: 0)
System memory in use before: 115.6 MB.
System memory in use after: 113.4 MB.

Unloading 42 unused Assets to reduce memory usage. Loaded Objects now: 3066.
Total: 4.931600 ms (FindLiveObjects: 0.421800 ms CreateObjectMapping: 0.307400 ms MarkObjects: 2.348100 ms  DeleteObjects: 1.852600 ms)

========================================================================
Received Prepare
Registering precompiled user dll's ...
Registered in 0.002314 seconds.
Begin MonoManager ReloadAssembly
Native extension for WindowsStandalone target not found
Native extension for WebGL target not found
Refreshing native plugins compatible for Editor in 0.68 ms, found 0 plugins.
Preloading 0 native plugins for Editor in 0.00 ms.
Invoked RoslynAnalysisRunner static constructor.
RoslynAnalysisRunner will not be running.
RoslynAnalysisRunner has terminated.
Mono: successfully reloaded assembly
- Completed reload, in  0.979 seconds
Platform modules already initialized, skipping
Shader 'Universal Render Pipeline/Particles/Lit': fallback shader 'Universal Render Pipeline/Particles/SimpleLit' not found
Shader 'Universal Render Pipeline/Particles/Lit': fallback shader 'Universal Render Pipeline/Particles/SimpleLit' not found
Refreshing native plugins compatible for Editor in 0.70 ms, found 0 plugins.
Preloading 0 native plugins for Editor in 0.00 ms.
Unloading 2531 Unused Serialized files (Serialized files now loaded: 0)
System memory in use before: 115.7 MB.
System memory in use after: 113.5 MB.

Unloading 42 unused Assets to reduce memory usage. Loaded Objects now: 3068.
Total: 5.232600 ms (FindLiveObjects: 0.305600 ms CreateObjectMapping: 0.119200 ms MarkObjects: 2.876700 ms  DeleteObjects: 1.929700 ms)

========================================================================
Received Prepare
Registering precompiled user dll's ...
Registered in 0.002392 seconds.
Begin MonoManager ReloadAssembly
Native extension for WindowsStandalone target not found
Native extension for WebGL target not found
Refreshing native plugins compatible for Editor in 0.55 ms, found 0 plugins.
Preloading 0 native plugins for Editor in 0.00 ms.
Invoked RoslynAnalysisRunner static constructor.
RoslynAnalysisRunner will not be running.
RoslynAnalysisRunner has terminated.
Mono: successfully reloaded assembly
- Completed reload, in  1.009 seconds
Platform modules already initialized, skipping
Shader 'Universal Render Pipeline/Particles/Lit': fallback shader 'Universal Render Pipeline/Particles/SimpleLit' not found
Shader 'Universal Render Pipeline/Particles/Lit': fallback shader 'Universal Render Pipeline/Particles/SimpleLit' not found
Refreshing native plugins compatible for Editor in 0.82 ms, found 0 plugins.
Preloading 0 native plugins for Editor in 0.00 ms.
Unloading 2531 Unused Serialized files (Serialized files now loaded: 0)
System memory in use before: 115.7 MB.
System memory in use after: 113.5 MB.

Unloading 42 unused Assets to reduce memory usage. Loaded Objects now: 3070.
Total: 3.948000 ms (FindLiveObjects: 0.357700 ms CreateObjectMapping: 0.108100 ms MarkObjects: 1.887500 ms  DeleteObjects: 1.593000 ms)

========================================================================
Received Prepare
Registering precompiled user dll's ...
Registered in 0.001899 seconds.
Begin MonoManager ReloadAssembly
Native extension for WindowsStandalone target not found
Native extension for WebGL target not found
Refreshing native plugins compatible for Editor in 0.68 ms, found 0 plugins.
Preloading 0 native plugins for Editor in 0.00 ms.
Invoked RoslynAnalysisRunner static constructor.
RoslynAnalysisRunner will not be running.
RoslynAnalysisRunner has terminated.
Mono: successfully reloaded assembly
- Completed reload, in  0.987 seconds
Platform modules already initialized, skipping
Shader 'Universal Render Pipeline/Particles/Lit': fallback shader 'Universal Render Pipeline/Particles/SimpleLit' not found
Shader 'Universal Render Pipeline/Particles/Lit': fallback shader 'Universal Render Pipeline/Particles/SimpleLit' not found
Refreshing native plugins compatible for Editor in 0.48 ms, found 0 plugins.
Preloading 0 native plugins for Editor in 0.00 ms.
Unloading 2531 Unused Serialized files (Serialized files now loaded: 0)
System memory in use before: 115.7 MB.
System memory in use after: 113.5 MB.

Unloading 42 unused Assets to reduce memory usage. Loaded Objects now: 3072.
Total: 3.938300 ms (FindLiveObjects: 0.225400 ms CreateObjectMapping: 0.090400 ms MarkObjects: 1.989100 ms  DeleteObjects: 1.632600 ms)

========================================================================
Received Prepare
Registering precompiled user dll's ...
Registered in 0.002148 seconds.
Begin MonoManager ReloadAssembly
Native extension for WindowsStandalone target not found
Native extension for WebGL target not found
Refreshing native plugins compatible for Editor in 0.53 ms, found 0 plugins.
Preloading 0 native plugins for Editor in 0.00 ms.
Invoked RoslynAnalysisRunner static constructor.
RoslynAnalysisRunner will not be running.
RoslynAnalysisRunner has terminated.
Mono: successfully reloaded assembly
- Completed reload, in  1.027 seconds
Platform modules already initialized, skipping
Shader 'Universal Render Pipeline/Particles/Lit': fallback shader 'Universal Render Pipeline/Particles/SimpleLit' not found
Shader 'Universal Render Pipeline/Particles/Lit': fallback shader 'Universal Render Pipeline/Particles/SimpleLit' not found
Refreshing native plugins compatible for Editor in 0.58 ms, found 0 plugins.
Preloading 0 native plugins for Editor in 0.00 ms.
Unloading 2531 Unused Serialized files (Serialized files now loaded: 0)
System memory in use before: 115.7 MB.
System memory in use after: 113.5 MB.

Unloading 42 unused Assets to reduce memory usage. Loaded Objects now: 3074.
Total: 4.745100 ms (FindLiveObjects: 0.367600 ms CreateObjectMapping: 0.242700 ms MarkObjects: 2.285500 ms  DeleteObjects: 1.847900 ms)

========================================================================
Received Prepare
Registering precompiled user dll's ...
Registered in 0.001908 seconds.
Begin MonoManager ReloadAssembly
Native extension for WindowsStandalone target not found
Native extension for WebGL target not found
Refreshing native plugins compatible for Editor in 0.89 ms, found 0 plugins.
Preloading 0 native plugins for Editor in 0.00 ms.
Invoked RoslynAnalysisRunner static constructor.
RoslynAnalysisRunner will not be running.
RoslynAnalysisRunner has terminated.
Mono: successfully reloaded assembly
- Completed reload, in  1.005 seconds
Platform modules already initialized, skipping
Shader 'Universal Render Pipeline/Particles/Lit': fallback shader 'Universal Render Pipeline/Particles/SimpleLit' not found
Shader 'Universal Render Pipeline/Particles/Lit': fallback shader 'Universal Render Pipeline/Particles/SimpleLit' not found
Refreshing native plugins compatible for Editor in 0.50 ms, found 0 plugins.
Preloading 0 native plugins for Editor in 0.00 ms.
Unloading 2531 Unused Serialized files (Serialized files now loaded: 0)
System memory in use before: 115.6 MB.
System memory in use after: 113.4 MB.

Unloading 42 unused Assets to reduce memory usage. Loaded Objects now: 3076.
Total: 4.129800 ms (FindLiveObjects: 0.339100 ms CreateObjectMapping: 0.128700 ms MarkObjects: 1.974000 ms  DeleteObjects: 1.686500 ms)

========================================================================
Received Prepare
Registering precompiled user dll's ...
Registered in 0.002286 seconds.
Begin MonoManager ReloadAssembly
Native extension for WindowsStandalone target not found
Native extension for WebGL target not found
Refreshing native plugins compatible for Editor in 0.62 ms, found 0 plugins.
Preloading 0 native plugins for Editor in 0.00 ms.
Invoked RoslynAnalysisRunner static constructor.
RoslynAnalysisRunner will not be running.
RoslynAnalysisRunner has terminated.
Mono: successfully reloaded assembly
- Completed reload, in  0.975 seconds
Platform modules already initialized, skipping
Shader 'Universal Render Pipeline/Particles/Lit': fallback shader 'Universal Render Pipeline/Particles/SimpleLit' not found
Shader 'Universal Render Pipeline/Particles/Lit': fallback shader 'Universal Render Pipeline/Particles/SimpleLit' not found
Refreshing native plugins compatible for Editor in 0.45 ms, found 0 plugins.
Preloading 0 native plugins for Editor in 0.00 ms.
Unloading 2531 Unused Serialized files (Serialized files now loaded: 0)
System memory in use before: 115.7 MB.
System memory in use after: 113.5 MB.

Unloading 42 unused Assets to reduce memory usage. Loaded Objects now: 3078.
Total: 4.041200 ms (FindLiveObjects: 0.272900 ms CreateObjectMapping: 0.091100 ms MarkObjects: 1.958600 ms  DeleteObjects: 1.717700 ms)

========================================================================
Received Prepare
Registering precompiled user dll's ...
Registered in 0.001811 seconds.
Begin MonoManager ReloadAssembly
Native extension for WindowsStandalone target not found
Native extension for WebGL target not found
Refreshing native plugins compatible for Editor in 0.59 ms, found 0 plugins.
Preloading 0 native plugins for Editor in 0.00 ms.
Invoked RoslynAnalysisRunner static constructor.
RoslynAnalysisRunner will not be running.
RoslynAnalysisRunner has terminated.
Mono: successfully reloaded assembly
- Completed reload, in  1.035 seconds
Platform modules already initialized, skipping
Shader 'Universal Render Pipeline/Particles/Lit': fallback shader 'Universal Render Pipeline/Particles/SimpleLit' not found
Shader 'Universal Render Pipeline/Particles/Lit': fallback shader 'Universal Render Pipeline/Particles/SimpleLit' not found
Refreshing native plugins compatible for Editor in 0.64 ms, found 0 plugins.
Preloading 0 native plugins for Editor in 0.00 ms.
Unloading 2531 Unused Serialized files (Serialized files now loaded: 0)
System memory in use before: 115.7 MB.
System memory in use after: 113.5 MB.

Unloading 42 unused Assets to reduce memory usage. Loaded Objects now: 3080.
Total: 4.443200 ms (FindLiveObjects: 0.312100 ms CreateObjectMapping: 0.154500 ms MarkObjects: 2.264300 ms  DeleteObjects: 1.711200 ms)

========================================================================
Received Import Request.
  Time since last request: 1100.630707 seconds.
  path: Assets/Editor/DialogueSOEditor.cs
  artifactKey: Guid(bc3a3bb84076ef04b82c5d6fcdcc6553) Importer(815301076,1909f56bfc062723c751e8b465ee728b)
Start importing Assets/Editor/DialogueSOEditor.cs using Guid(bc3a3bb84076ef04b82c5d6fcdcc6553) Importer(815301076,1909f56bfc062723c751e8b465ee728b)  -> (artifact id: 'c38f6d759b4ce7eed21d5613fb814b15') in 0.014779 seconds
  Import took 0.021385 seconds .

========================================================================
Received Import Request.
  Time since last request: 0.003847 seconds.
  path: Assets/Editor/DialogueSOEditor.cs
  artifactKey: Guid(bc3a3bb84076ef04b82c5d6fcdcc6553) Importer(815301076,1909f56bfc062723c751e8b465ee728b)
Start importing Assets/Editor/DialogueSOEditor.cs using Guid(bc3a3bb84076ef04b82c5d6fcdcc6553) Importer(815301076,1909f56bfc062723c751e8b465ee728b)  -> (artifact id: 'c38f6d759b4ce7eed21d5613fb814b15') in 0.002778 seconds
  Import took 0.008216 seconds .

========================================================================
Received Import Request.
  Time since last request: 1.288353 seconds.
  path: Assets/Editor/DialogueEventDrawer.cs
  artifactKey: Guid(78990d0dd04848945a0e7e6e831c25e2) Importer(815301076,1909f56bfc062723c751e8b465ee728b)
Start importing Assets/Editor/DialogueEventDrawer.cs using Guid(78990d0dd04848945a0e7e6e831c25e2) Importer(815301076,1909f56bfc062723c751e8b465ee728b)  -> (artifact id: 'e9a24a7ea9b43fa0b971185767372c9c') in 0.009852 seconds
  Import took 0.015979 seconds .

========================================================================
Received Import Request.
  Time since last request: 0.243310 seconds.
  path: Assets/Editor/LineEditor.cs
  artifactKey: Guid(c0bd2904a2fb1864698e309e921697f8) Importer(815301076,1909f56bfc062723c751e8b465ee728b)
Start importing Assets/Editor/LineEditor.cs using Guid(c0bd2904a2fb1864698e309e921697f8) Importer(815301076,1909f56bfc062723c751e8b465ee728b)  -> (artifact id: '095be641b597c87d9b8a8c1978270f29') in 0.003541 seconds
  Import took 0.010042 seconds .

========================================================================
Received Import Request.
  Time since last request: 0.732952 seconds.
  path: Assets/Editor/LineEditorWindow.cs
  artifactKey: Guid(6963ef1ddfabcf44b85947dea0490296) Importer(815301076,1909f56bfc062723c751e8b465ee728b)
Start importing Assets/Editor/LineEditorWindow.cs using Guid(6963ef1ddfabcf44b85947dea0490296) Importer(815301076,1909f56bfc062723c751e8b465ee728b)  -> (artifact id: 'e8f832bb53f539dea3a0742ca037a43c') in 0.003063 seconds
  Import took 0.008275 seconds .

========================================================================
Received Prepare
Registering precompiled user dll's ...
Registered in 0.002396 seconds.
Begin MonoManager ReloadAssembly
Native extension for WindowsStandalone target not found
Native extension for WebGL target not found
Refreshing native plugins compatible for Editor in 0.51 ms, found 0 plugins.
Preloading 0 native plugins for Editor in 0.00 ms.
Invoked RoslynAnalysisRunner static constructor.
RoslynAnalysisRunner will not be running.
RoslynAnalysisRunner has terminated.
Mono: successfully reloaded assembly
- Completed reload, in  1.240 seconds
Platform modules already initialized, skipping
Shader 'Universal Render Pipeline/Particles/Lit': fallback shader 'Universal Render Pipeline/Particles/SimpleLit' not found
Shader 'Universal Render Pipeline/Particles/Lit': fallback shader 'Universal Render Pipeline/Particles/SimpleLit' not found
Refreshing native plugins compatible for Editor in 0.48 ms, found 0 plugins.
Preloading 0 native plugins for Editor in 0.00 ms.
Unloading 2531 Unused Serialized files (Serialized files now loaded: 0)
System memory in use before: 115.7 MB.
System memory in use after: 113.5 MB.

Unloading 42 unused Assets to reduce memory usage. Loaded Objects now: 3082.
Total: 4.683700 ms (FindLiveObjects: 0.326800 ms CreateObjectMapping: 0.237500 ms MarkObjects: 2.311500 ms  DeleteObjects: 1.806100 ms)

AssetImportWorkerClient::OnTransportError - code=2 error=End of file
